<?xml version="1.0" encoding="UTF-8"?>
<!-- Generated by org.testng.reporters.JUnitReportReporter -->
<testsuite skipped="0" hostname="DESKTOP-KRLD7R0" name="demo.demo3" tests="3" failures="0" timestamp="03 Feb 2021 11:51:38 GMT" time="0.044" errors="0">
  <testcase name="tc3" time="0.002" classname="demo.demo3"/>
  <testcase name="tc1" time="0.040" classname="demo.demo3"/>
  <testcase name="tc2" time="0.002" classname="demo.demo3"/>
</testsuite> <!-- demo.demo3 -->
