<?xml version="1.0" encoding="UTF-8"?>
<!-- Generated by org.testng.reporters.JUnitReportReporter -->
<testsuite skipped="0" hostname="DESKTOP-KRLD7R0" name="demo.Demo" tests="1" failures="0" timestamp="02 Feb 2021 13:18:16 GMT" time="21.843" errors="0">
  <testcase name="tc_1" time="21.843" classname="demo.Demo"/>
</testsuite> <!-- demo.Demo -->
