<?xml version="1.0" encoding="UTF-8"?>
<!-- Generated by org.testng.reporters.JUnitReportReporter -->
<testsuite skipped="1" hostname="DESKTOP-KRLD7R0" name="demo.readdata" tests="1" failures="0" timestamp="04 Feb 2021 11:19:55 GMT" time="0.000" errors="0">
  <testcase name="tc" time="0.000" classname="demo.readdata">
    <skipped/>
  </testcase> <!-- tc -->
</testsuite> <!-- demo.readdata -->
