<?xml version="1.0" encoding="UTF-8"?>
<!-- Generated by org.testng.reporters.JUnitReportReporter -->
<testsuite skipped="0" hostname="DESKTOP-KRLD7R0" name="demo.demo4" tests="7" failures="0" timestamp="03 Feb 2021 12:39:18 GMT" time="0.032" errors="0">
  <testcase name="tc2" time="0.003" classname="demo.demo4"/>
  <testcase name="tc1" time="0.020" classname="demo.demo4"/>
  <testcase name="tc4" time="0.002" classname="demo.demo4"/>
  <testcase name="tc3" time="0.002" classname="demo.demo4"/>
  <testcase name="tc5" time="0.002" classname="demo.demo4"/>
  <testcase name="tc7" time="0.002" classname="demo.demo4"/>
  <testcase name="tc6" time="0.001" classname="demo.demo4"/>
</testsuite> <!-- demo.demo4 -->
