<?xml version="1.0" encoding="UTF-8"?>
<!-- Generated by org.testng.reporters.JUnitReportReporter -->
<testsuite skipped="0" hostname="DESKTOP-KRLD7R0" name="demo.demodataprovider" tests="3" failures="0" timestamp="04 Feb 2021 10:48:10 GMT" time="0.034" errors="0">
  <testcase name="tc" time="0.028" classname="demo.demodataprovider"/>
  <testcase name="tc" time="0.004" classname="demo.demodataprovider"/>
  <testcase name="tc" time="0.002" classname="demo.demodataprovider"/>
</testsuite> <!-- demo.demodataprovider -->
