<?xml version="1.0" encoding="UTF-8"?>
<!-- Generated by org.testng.reporters.JUnitReportReporter -->
<testsuite skipped="0" hostname="DESKTOP-KRLD7R0" name="demo.parrel2" tests="1" failures="0" timestamp="05 Feb 2021 10:53:22 GMT" time="37.561" errors="0">
  <testcase name="tc2" time="37.561" classname="demo.parrel2"/>
</testsuite> <!-- demo.parrel2 -->
