<?xml version="1.0" encoding="UTF-8"?>
<!-- Generated by org.testng.reporters.JUnitReportReporter -->
<testsuite skipped="0" hostname="DESKTOP-KRLD7R0" name="demo.demo2" tests="2" failures="0" timestamp="03 Feb 2021 10:50:06 GMT" time="0.020" errors="0">
  <testcase name="tc" time="0.014" classname="demo.demo2"/>
  <testcase name="tc2" time="0.006" classname="demo.demo2"/>
</testsuite> <!-- demo.demo2 -->
